# JRE version: Java(TM) SE Runtime Environment (18.0+36) (build 18+36-2087)
# Java VM: Java HotSpot(TM) 64-Bit Server VM (18+36-2087, mixed mode, sharing, tiered, compressed oops, compressed class ptrs, g1 gc, windows-amd64)
GC Precious Log:
 CardTable entry size: 512
 Card Set container configuration: InlinePtr #cards 5 size 8 Array Of Cards #cards 12 size 40 Howl #buckets 4 coarsen threshold 1843 Howl Bitmap #cards 512 size 80 coarsen threshold 460 Card regions per heap region 1 cards per card region 2048
 CPUs: 12 total, 12 available
 Memory: 15771M
 Large Page Support: Disabled
 NUMA Support: Disabled
 Compressed Oops: Enabled (32-bit)
 Heap Region Size: 1M
 Heap Min Capacity: 8M
 Heap Initial Capacity: 248M
 Heap Max Capacity: 2G
 Pre-touch: Disabled
 Parallel Workers: 10
 Concurrent Workers: 3
 Concurrent Refinement Workers: 10
 Periodic GC: Disabled
Heap:
 garbage-first heap   total 202752K, used 150257K [0x0000000080000000, 0x0000000100000000)
  region size 1024K, 32 young (32768K), 3 survivors (3072K)
 Metaspace       used 98011K, committed 100352K, reserved 552960K
  class space    used 13486K, committed 14656K, reserved 421888K
GC Heap History (20 events):
Event: 16.381 GC heap before
{Heap before GC invocations=34 (full 0):
 garbage-first heap   total 202752K, used 161978K [0x0000000080000000, 0x0000000100000000)
  region size 1024K, 91 young (93184K), 3 survivors (3072K)
 Metaspace       used 72721K, committed 74624K, reserved 487424K
  class space    used 9988K, committed 10944K, reserved 421888K
}
Event: 16.389 GC heap after
{Heap after GC invocations=35 (full 0):
 garbage-first heap   total 202752K, used 76592K [0x0000000080000000, 0x0000000100000000)
  region size 1024K, 12 young (12288K), 12 survivors (12288K)
 Metaspace       used 72721K, committed 74624K, reserved 487424K
  class space    used 9988K, committed 10944K, reserved 421888K
}
Event: 16.411 GC heap before
{Heap before GC invocations=35 (full 0):
 garbage-first heap   total 202752K, used 77616K [0x0000000080000000, 0x0000000100000000)
  region size 1024K, 13 young (13312K), 12 survivors (12288K)
 Metaspace       used 72819K, committed 74688K, reserved 487424K
  class space    used 9998K, committed 10944K, reserved 421888K
}
Event: 16.416 GC heap after
{Heap after GC invocations=36 (full 0):
 garbage-first heap   total 202752K, used 76910K [0x0000000080000000, 0x0000000100000000)
  region size 1024K, 1 young (1024K), 1 survivors (1024K)
 Metaspace       used 72819K, committed 74688K, reserved 487424K
  class space    used 9998K, committed 10944K, reserved 421888K
}
Event: 22.132 GC heap before
{Heap before GC invocations=36 (full 0):
 garbage-first heap   total 202752K, used 154734K [0x0000000080000000, 0x0000000100000000)
  region size 1024K, 77 young (78848K), 1 survivors (1024K)
 Metaspace       used 76116K, committed 78144K, reserved 552960K
  class space    used 10450K, committed 11520K, reserved 421888K
}
Event: 22.136 GC heap after
{Heap after GC invocations=37 (full 0):
 garbage-first heap   total 202752K, used 82783K [0x0000000080000000, 0x0000000100000000)
  region size 1024K, 7 young (7168K), 7 survivors (7168K)
 Metaspace       used 76116K, committed 78144K, reserved 552960K
  class space    used 10450K, committed 11520K, reserved 421888K
}
Event: 23.316 GC heap before
{Heap before GC invocations=37 (full 0):
 garbage-first heap   total 202752K, used 157535K [0x0000000080000000, 0x0000000100000000)
  region size 1024K, 80 young (81920K), 7 survivors (7168K)
 Metaspace       used 82395K, committed 84544K, reserved 552960K
  class space    used 11516K, committed 12672K, reserved 421888K
}
Event: 23.323 GC heap after
{Heap after GC invocations=38 (full 0):
 garbage-first heap   total 202752K, used 89047K [0x0000000080000000, 0x0000000100000000)
  region size 1024K, 7 young (7168K), 7 survivors (7168K)
 Metaspace       used 82395K, committed 84544K, reserved 552960K
  class space    used 11516K, committed 12672K, reserved 421888K
}
Event: 24.537 GC heap before
{Heap before GC invocations=38 (full 0):
 garbage-first heap   total 202752K, used 159703K [0x0000000080000000, 0x0000000100000000)
  region size 1024K, 76 young (77824K), 7 survivors (7168K)
 Metaspace       used 85747K, committed 88064K, reserved 552960K
  class space    used 11999K, committed 13184K, reserved 421888K
}
Event: 24.548 GC heap after
{Heap after GC invocations=39 (full 0):
 garbage-first heap   total 202752K, used 101895K [0x0000000080000000, 0x0000000100000000)
  region size 1024K, 10 young (10240K), 10 survivors (10240K)
 Metaspace       used 85747K, committed 88064K, reserved 552960K
  class space    used 11999K, committed 13184K, reserved 421888K
}
Event: 25.515 GC heap before
{Heap before GC invocations=39 (full 0):
 garbage-first heap   total 202752K, used 162311K [0x0000000080000000, 0x0000000100000000)
  region size 1024K, 65 young (66560K), 10 survivors (10240K)
 Metaspace       used 87081K, committed 89408K, reserved 552960K
  class space    used 12191K, committed 13376K, reserved 421888K
}
Event: 25.525 GC heap after
{Heap after GC invocations=40 (full 0):
 garbage-first heap   total 202752K, used 116491K [0x0000000080000000, 0x0000000100000000)
  region size 1024K, 9 young (9216K), 9 survivors (9216K)
 Metaspace       used 87081K, committed 89408K, reserved 552960K
  class space    used 12191K, committed 13376K, reserved 421888K
}
Event: 26.445 GC heap before
{Heap before GC invocations=40 (full 0):
 garbage-first heap   total 202752K, used 160523K [0x0000000080000000, 0x0000000100000000)
  region size 1024K, 52 young (53248K), 9 survivors (9216K)
 Metaspace       used 92391K, committed 94784K, reserved 552960K
  class space    used 12871K, committed 14080K, reserved 421888K
}
Event: 26.450 GC heap after
{Heap after GC invocations=41 (full 0):
 garbage-first heap   total 202752K, used 120121K [0x0000000080000000, 0x0000000100000000)
  region size 1024K, 3 young (3072K), 3 survivors (3072K)
 Metaspace       used 92391K, committed 94784K, reserved 552960K
  class space    used 12871K, committed 14080K, reserved 421888K
}
Event: 26.979 GC heap before
{Heap before GC invocations=41 (full 0):
 garbage-first heap   total 202752K, used 163129K [0x0000000080000000, 0x0000000100000000)
  region size 1024K, 45 young (46080K), 3 survivors (3072K)
 Metaspace       used 92739K, committed 95104K, reserved 552960K
  class space    used 12897K, committed 14080K, reserved 421888K
}
Event: 26.981 GC heap after
{Heap after GC invocations=42 (full 0):
 garbage-first heap   total 202752K, used 119951K [0x0000000080000000, 0x0000000100000000)
  region size 1024K, 3 young (3072K), 3 survivors (3072K)
 Metaspace       used 92739K, committed 95104K, reserved 552960K
  class space    used 12897K, committed 14080K, reserved 421888K
}
Event: 27.278 GC heap before
{Heap before GC invocations=42 (full 0):
 garbage-first heap   total 202752K, used 165007K [0x0000000080000000, 0x0000000100000000)
  region size 1024K, 48 young (49152K), 3 survivors (3072K)
 Metaspace       used 93134K, committed 95616K, reserved 552960K
  class space    used 12946K, committed 14208K, reserved 421888K
}
Event: 27.281 GC heap after
{Heap after GC invocations=43 (full 0):
 garbage-first heap   total 202752K, used 122834K [0x0000000080000000, 0x0000000100000000)
  region size 1024K, 6 young (6144K), 6 survivors (6144K)
 Metaspace       used 93134K, committed 95616K, reserved 552960K
  class space    used 12946K, committed 14208K, reserved 421888K
}
Event: 27.534 GC heap before
{Heap before GC invocations=43 (full 0):
 garbage-first heap   total 202752K, used 166866K [0x0000000080000000, 0x0000000100000000)
  region size 1024K, 49 young (50176K), 6 survivors (6144K)
 Metaspace       used 93267K, committed 95744K, reserved 552960K
  class space    used 12954K, committed 14208K, reserved 421888K
}
Event: 27.537 GC heap after
{Heap after GC invocations=44 (full 0):
 garbage-first heap   total 202752K, used 121585K [0x0000000080000000, 0x0000000100000000)
  region size 1024K, 3 young (3072K), 3 survivors (3072K)
 Metaspace       used 93267K, committed 95744K, reserved 552960K
  class space    used 12954K, committed 14208K, reserved 421888K
}

